{"D:\\Project\\zar-marathon-pro\\src\\components\\Button\\index.tsx": {"path":"D:\\Project\\zar-marathon-pro\\src\\components\\Button\\index.tsx","statementMap":{"0":{"start":{"line":1,"column":0},"end":{"line":1,"column":26}},"1":{"start":{"line":2,"column":0},"end":{"line":2,"column":28}},"2":{"start":{"line":4,"column":0},"end":{"line":4,"column":37}},"3":{"start":{"line":8,"column":0},"end":{"line":8,"column":null}},"4":{"start":{"line":9,"column":2},"end":{"line":9,"column":null}},"5":{"start":{"line":10,"column":2},"end":{"line":10,"column":null}},"6":{"start":{"line":21,"column":38},"end":{"line":39,"column":1}},"7":{"start":{"line":21,"column":49},"end":{"line":21,"column":51}},"8":{"start":{"line":21,"column":58},"end":{"line":21,"column":60}},"9":{"start":{"line":21,"column":60},"end":{"line":21,"column":64}},"10":{"start":{"line":21,"column":64},"end":{"line":21,"column":77}},"11":{"start":{"line":21,"column":77},"end":{"line":21,"column":87}},"12":{"start":{"line":21,"column":87},"end":{"line":21,"column":97}},"13":{"start":{"line":21,"column":97},"end":{"line":21,"column":102}},"14":{"start":{"line":21,"column":102},"end":{"line":21,"column":113}},"15":{"start":{"line":23,"column":2},"end":{"line":38,"column":4}},"16":{"start":{"line":41,"column":0},"end":{"line":41,"column":22}}},"fnMap":{"0":{"name":"(anonymous_1)","decl":{"start":{"line":8,"column":0},"end":{"line":8,"column":5}},"loc":{"start":{"line":8,"column":15},"end":{"line":11,"column":1}}},"1":{"name":"(anonymous_2)","decl":{"start":{"line":21,"column":38},"end":{"line":21,"column":39}},"loc":{"start":{"line":21,"column":113},"end":{"line":39,"column":1}}}},"branchMap":{"0":{"loc":{"start":{"line":8,"column":5},"end":{"line":8,"column":15}},"type":"binary-expr","locations":[{"start":{"line":8,"column":5},"end":{"line":8,"column":15}},{"start":{"line":8,"column":5},"end":{"line":8,"column":null}}]},"1":{"loc":{"start":{"line":21,"column":67},"end":{"line":21,"column":75}},"type":"cond-expr","locations":[{"start":{"line":21,"column":67},"end":{"line":21,"column":75}},{"start":{"line":21,"column":75},"end":{"line":21,"column":77}}]},"2":{"loc":{"start":{"line":21,"column":90},"end":{"line":21,"column":95}},"type":"cond-expr","locations":[{"start":{"line":21,"column":90},"end":{"line":21,"column":95}},{"start":{"line":21,"column":95},"end":{"line":21,"column":97}}]},"3":{"loc":{"start":{"line":21,"column":104},"end":{"line":21,"column":111}},"type":"cond-expr","locations":[{"start":{"line":21,"column":104},"end":{"line":21,"column":111}},{"start":{"line":21,"column":111},"end":{"line":21,"column":113}}]},"4":{"loc":{"start":{"line":28,"column":21},"end":{"line":28,"column":33}},"type":"cond-expr","locations":[{"start":{"line":28,"column":21},"end":{"line":28,"column":33}},{"start":{"line":28,"column":36},"end":{"line":28,"column":40}}]},"5":{"loc":{"start":{"line":29,"column":28},"end":{"line":29,"column":44}},"type":"cond-expr","locations":[{"start":{"line":29,"column":28},"end":{"line":29,"column":44}},{"start":{"line":29,"column":47},"end":{"line":29,"column":51}}]},"6":{"loc":{"start":{"line":30,"column":29},"end":{"line":30,"column":46}},"type":"cond-expr","locations":[{"start":{"line":30,"column":29},"end":{"line":30,"column":46}},{"start":{"line":30,"column":49},"end":{"line":30,"column":53}}]},"7":{"loc":{"start":{"line":31,"column":37},"end":{"line":31,"column":54}},"type":"cond-expr","locations":[{"start":{"line":31,"column":37},"end":{"line":31,"column":54}},{"start":{"line":31,"column":57},"end":{"line":31,"column":61}}]},"8":{"loc":{"start":{"line":32,"column":36},"end":{"line":32,"column":52}},"type":"cond-expr","locations":[{"start":{"line":32,"column":36},"end":{"line":32,"column":52}},{"start":{"line":32,"column":55},"end":{"line":32,"column":59}}]}},"s":{"0":1,"1":1,"2":1,"3":1,"4":1,"5":1,"6":1,"7":1,"8":1,"9":1,"10":1,"11":1,"12":1,"13":1,"14":1,"15":1,"16":1},"f":{"0":1,"1":1},"b":{"0":[1,1],"1":[1,0],"2":[1,0],"3":[1,0],"4":[0,1],"5":[1,0],"6":[0,1],"7":[1,0],"8":[0,1]}}
,"D:\\Project\\zar-marathon-pro\\src\\components\\Heading\\index.tsx": {"path":"D:\\Project\\zar-marathon-pro\\src\\components\\Heading\\index.tsx","statementMap":{"0":{"start":{"line":1,"column":0},"end":{"line":1,"column":26}},"1":{"start":{"line":11,"column":39},"end":{"line":19,"column":1}},"2":{"start":{"line":11,"column":50},"end":{"line":11,"column":52}},"3":{"start":{"line":11,"column":56},"end":{"line":11,"column":58}},"4":{"start":{"line":11,"column":67},"end":{"line":11,"column":69}},"5":{"start":{"line":12,"column":14},"end":{"line":12,"column":55}},"6":{"start":{"line":14,"column":2},"end":{"line":18,"column":4}},"7":{"start":{"line":21,"column":0},"end":{"line":21,"column":23}}},"fnMap":{"0":{"name":"(anonymous_1)","decl":{"start":{"line":11,"column":39},"end":{"line":11,"column":40}},"loc":{"start":{"line":11,"column":69},"end":{"line":19,"column":1}}}},"branchMap":{},"s":{"0":1,"1":1,"2":3,"3":3,"4":3,"5":3,"6":3,"7":1},"f":{"0":3},"b":{}}
,"D:\\Project\\zar-marathon-pro\\src\\config\\index.ts": {"path":"D:\\Project\\zar-marathon-pro\\src\\config\\index.ts","statementMap":{"0":{"start":{"line":18,"column":24},"end":{"line":39,"column":null}},"1":{"start":{"line":41,"column":0},"end":{"line":41,"column":22}}},"fnMap":{},"branchMap":{},"s":{"0":1,"1":1},"f":{},"b":{}}
,"D:\\Project\\zar-marathon-pro\\src\\utils\\getUrlWithParamsConfig.ts": {"path":"D:\\Project\\zar-marathon-pro\\src\\utils\\getUrlWithParamsConfig.ts","statementMap":{"0":{"start":{"line":1,"column":0},"end":{"line":1,"column":31}},"1":{"start":{"line":19,"column":37},"end":{"line":19,"column":114}},"2":{"start":{"line":19,"column":16},"end":{"line":19,"column":18}},"3":{"start":{"line":19,"column":21},"end":{"line":19,"column":37}},"4":{"start":{"line":21,"column":13},"end":{"line":21,"column":15}},"5":{"start":{"line":23,"column":20},"end":{"line":27,"column":null}},"6":{"start":{"line":31,"column":13},"end":{"line":32,"column":null}},"7":{"start":{"line":35,"column":19},"end":{"line":42,"column":27}},"8":{"start":{"line":36,"column":4},"end":{"line":40,"column":null}},"9":{"start":{"line":37,"column":21},"end":{"line":37,"column":78}},"10":{"start":{"line":38,"column":6},"end":{"line":38,"column":46}},"11":{"start":{"line":39,"column":6},"end":{"line":39,"column":20}},"12":{"start":{"line":41,"column":4},"end":{"line":41,"column":null}},"13":{"start":{"line":44,"column":2},"end":{"line":44,"column":35}},"14":{"start":{"line":46,"column":2},"end":{"line":53,"column":null}},"15":{"start":{"line":47,"column":4},"end":{"line":50,"column":null}},"16":{"start":{"line":52,"column":4},"end":{"line":52,"column":17}},"17":{"start":{"line":58,"column":2},"end":{"line":62,"column":null}},"18":{"start":{"line":65,"column":0},"end":{"line":65,"column":38}}},"fnMap":{"0":{"name":"getUrlWithParamsConfig","decl":{"start":{"line":18,"column":9},"end":{"line":18,"column":31}},"loc":{"start":{"line":18,"column":70},"end":{"line":63,"column":1}}},"1":{"name":"(anonymous_4)","decl":{"start":{"line":35,"column":45},"end":{"line":35,"column":46}},"loc":{"start":{"line":35,"column":54},"end":{"line":42,"column":3}}}},"branchMap":{"0":{"loc":{"start":{"line":36,"column":4},"end":{"line":40,"column":null}},"type":"if","locations":[{"start":{"line":36,"column":4},"end":{"line":40,"column":null}},{"start":{"line":36,"column":4},"end":{"line":40,"column":null}}]},"1":{"loc":{"start":{"line":46,"column":2},"end":{"line":53,"column":null}},"type":"if","locations":[{"start":{"line":46,"column":2},"end":{"line":53,"column":null}},{"start":{"line":46,"column":2},"end":{"line":53,"column":null}}]}},"s":{"0":1,"1":3,"2":3,"3":3,"4":3,"5":3,"6":3,"7":3,"8":2,"9":1,"10":1,"11":1,"12":1,"13":3,"14":3,"15":3,"16":0,"17":3,"18":1},"f":{"0":3,"1":2},"b":{"0":[1,1],"1":[3,0]}}
,"D:\\Project\\zar-marathon-pro\\src\\utils\\toCapitalizeFirstLetter.ts": {"path":"D:\\Project\\zar-marathon-pro\\src\\utils\\toCapitalizeFirstLetter.ts","statementMap":{"0":{"start":{"line":1,"column":32},"end":{"line":3,"column":1}},"1":{"start":{"line":2,"column":2},"end":{"line":2,"column":null}},"2":{"start":{"line":5,"column":0},"end":{"line":5,"column":39}}},"fnMap":{"0":{"name":"(anonymous_0)","decl":{"start":{"line":1,"column":32},"end":{"line":1,"column":33}},"loc":{"start":{"line":1,"column":47},"end":{"line":3,"column":1}}}},"branchMap":{},"s":{"0":1,"1":6,"2":1},"f":{"0":6},"b":{}}
}
