TN:
SF:src\components\Button\index.tsx
FN:8,(anonymous_1)
FN:21,(anonymous_2)
FNF:2
FNH:2
FNDA:1,(anonymous_1)
FNDA:1,(anonymous_2)
DA:1,1
DA:2,1
DA:4,1
DA:8,1
DA:9,1
DA:10,1
DA:21,1
DA:23,1
DA:41,1
LF:9
LH:9
BRDA:8,0,0,1
BRDA:8,0,1,1
BRDA:21,1,0,1
BRDA:21,1,1,0
BRDA:21,2,0,1
BRDA:21,2,1,0
BRDA:21,3,0,1
BRDA:21,3,1,0
BRDA:28,4,0,0
BRDA:28,4,1,1
BRDA:29,5,0,1
BRDA:29,5,1,0
BRDA:30,6,0,0
BRDA:30,6,1,1
BRDA:31,7,0,1
BRDA:31,7,1,0
BRDA:32,8,0,0
BRDA:32,8,1,1
BRF:18
BRH:10
end_of_record
TN:
SF:src\components\Heading\index.tsx
FN:11,(anonymous_1)
FNF:1
FNH:1
FNDA:3,(anonymous_1)
DA:1,1
DA:11,3
DA:12,3
DA:14,3
DA:21,1
LF:5
LH:5
BRF:0
BRH:0
end_of_record
TN:
SF:src\config\index.ts
FNF:0
FNH:0
DA:18,1
DA:41,1
LF:2
LH:2
BRF:0
BRH:0
end_of_record
TN:
SF:src\utils\getUrlWithParamsConfig.ts
FN:18,getUrlWithParamsConfig
FN:35,(anonymous_4)
FNF:2
FNH:2
FNDA:3,getUrlWithParamsConfig
FNDA:2,(anonymous_4)
DA:1,1
DA:19,3
DA:21,3
DA:23,3
DA:31,3
DA:35,3
DA:36,2
DA:37,1
DA:38,1
DA:39,1
DA:41,1
DA:44,3
DA:46,3
DA:47,3
DA:52,0
DA:58,3
DA:65,1
LF:17
LH:16
BRDA:36,0,0,1
BRDA:36,0,1,1
BRDA:46,1,0,3
BRDA:46,1,1,0
BRF:4
BRH:3
end_of_record
TN:
SF:src\utils\toCapitalizeFirstLetter.ts
FN:1,(anonymous_0)
FNF:1
FNH:1
FNDA:6,(anonymous_0)
DA:1,1
DA:2,6
DA:5,1
LF:3
LH:3
BRF:0
BRH:0
end_of_record
